<?xml version="1.0" encoding="UTF-8"?>
<testng-results skipped="0" failed="1" total="1" passed="0">
  <reporter-output>
  </reporter-output>
  <suite name="Default suite" duration-ms="71982" started-at="2015-08-09T06:03:43Z" finished-at="2015-08-09T06:04:55Z">
    <groups>
    </groups>
    <test name="Default test" duration-ms="71982" started-at="2015-08-09T06:03:43Z" finished-at="2015-08-09T06:04:55Z">
      <class name="Compose.Compose">
        <test-method status="PASS" signature="launchBrowser()[pri:0, instance:Compose.Compose@1035e27]" name="launchBrowser" is-config="true" duration-ms="11837" started-at="2015-08-09T11:33:43Z" finished-at="2015-08-09T11:33:55Z">
          <reporter-output>
          </reporter-output>
        </test-method> <!-- launchBrowser -->
        <test-method status="FAIL" signature="compose_mail()[pri:0, instance:Compose.Compose@1035e27]" name="compose_mail" duration-ms="60092" started-at="2015-08-09T11:33:55Z" finished-at="2015-08-09T11:34:55Z">
          <exception class="java.lang.NullPointerException">
            <full-stacktrace>
              <![CDATA[java.lang.NullPointerException
	at AllMethods.AllMethods1.Gmail_Compose(AllMethods1.java:84)
	at Compose.Compose.compose_mail(Compose.java:13)
	at sun.reflect.NativeMethodAccessorImpl.invoke0(Native Method)
	at sun.reflect.NativeMethodAccessorImpl.invoke(Unknown Source)
	at sun.reflect.DelegatingMethodAccessorImpl.invoke(Unknown Source)
	at java.lang.reflect.Method.invoke(Unknown Source)
	at org.testng.internal.MethodInvocationHelper.invokeMethod(MethodInvocationHelper.java:84)
	at org.testng.internal.Invoker.invokeMethod(Invoker.java:714)
	at org.testng.internal.Invoker.invokeTestMethod(Invoker.java:901)
	at org.testng.internal.Invoker.invokeTestMethods(Invoker.java:1231)
	at org.testng.internal.TestMethodWorker.invokeTestMethods(TestMethodWorker.java:127)
	at org.testng.internal.TestMethodWorker.run(TestMethodWorker.java:111)
	at org.testng.TestRunner.privateRun(TestRunner.java:767)
	at org.testng.TestRunner.run(TestRunner.java:617)
	at org.testng.SuiteRunner.runTest(SuiteRunner.java:334)
	at org.testng.SuiteRunner.runSequentially(SuiteRunner.java:329)
	at org.testng.SuiteRunner.privateRun(SuiteRunner.java:291)
	at org.testng.SuiteRunner.run(SuiteRunner.java:240)
	at org.testng.SuiteRunnerWorker.runSuite(SuiteRunnerWorker.java:52)
	at org.testng.SuiteRunnerWorker.run(SuiteRunnerWorker.java:86)
	at org.testng.TestNG.runSuitesSequentially(TestNG.java:1224)
	at org.testng.TestNG.runSuitesLocally(TestNG.java:1149)
	at org.testng.TestNG.run(TestNG.java:1057)
	at org.testng.remote.RemoteTestNG.run(RemoteTestNG.java:111)
	at org.testng.remote.RemoteTestNG.initAndRun(RemoteTestNG.java:204)
	at org.testng.remote.RemoteTestNG.main(RemoteTestNG.java:175)
]]>
            </full-stacktrace>
          </exception> <!-- java.lang.NullPointerException -->
          <reporter-output>
          </reporter-output>
        </test-method> <!-- compose_mail -->
        <test-method status="PASS" signature="CloseBrowser(org.testng.ITestResult)[pri:0, instance:Compose.Compose@1035e27]" name="CloseBrowser" is-config="true" duration-ms="2" started-at="2015-08-09T11:34:55Z" finished-at="2015-08-09T11:34:55Z">
          <params>
            <param index="0">
              <value>
                <![CDATA[[TestResult name=compose_mail status=FAILURE method=Compose.compose_mail()[pri:0, instance:Compose.Compose@1035e27] output={null}]]]>
              </value>
            </param>
          </params>
          <reporter-output>
          </reporter-output>
        </test-method> <!-- CloseBrowser -->
      </class> <!-- Compose.Compose -->
    </test> <!-- Default test -->
  </suite> <!-- Default suite -->
</testng-results>
